<?xml version="1.0" encoding="UTF-8"?>
<!-- Generated by org.testng.reporters.JUnitReportReporter -->
<testsuite hostname="LAPTOP-S874GQA2" failures="0" tests="3" name="org.login.Testclass1" time="0.011" errors="0" timestamp="2022-08-01T11:46:53 IST" skipped="0">
  <testcase classname="org.login.Testclass1" name="tc02" time="0.001"/>
  <system-out/>
  <testcase classname="org.login.Testclass1" name="tc03" time="0.001"/>
  <system-out/>
  <testcase classname="org.login.Testclass1" name="tc01" time="0.009"/>
  <system-out/>
</testsuite> <!-- org.login.Testclass1 -->
