<?xml version="1.0" encoding="UTF-8"?>
<!-- Generated by org.testng.reporters.JUnitReportReporter -->
<testsuite hostname="LAPTOP-S874GQA2" failures="0" tests="1" name="org.login.TestIng" time="3.833" errors="0" timestamp="2022-07-31T13:24:03 IST" skipped="0">
  <testcase classname="org.login.TestIng" name="tc02" time="3.833"/>
  <system-out/>
</testsuite> <!-- org.login.TestIng -->
