<?xml version="1.0" encoding="UTF-8"?>
<!-- Generated by org.testng.reporters.JUnitReportReporter -->
<testsuite hostname="LAPTOP-S874GQA2" failures="0" tests="5" name="org.login.Testng" time="0.012" errors="0" timestamp="2022-07-27T11:53:03 IST" skipped="0">
  <testcase classname="org.login.Testng" name="test3" time="0.001"/>
  <system-out/>
  <testcase classname="org.login.Testng" name="test4" time="0.001"/>
  <system-out/>
  <testcase classname="org.login.Testng" name="test2" time="0.008"/>
  <system-out/>
  <testcase classname="org.login.Testng" name="test1" time="0.001"/>
  <system-out/>
  <testcase classname="org.login.Testng" name="test1" time="0.001"/>
  <system-out/>
</testsuite> <!-- org.login.Testng -->
